2025-06-03 19:21:08 [main] INFO  u.edu.pe.NoficadorSunatApplication - Starting NoficadorSunatApplication using Java 17.0.15 with PID 4825 (/home/wfuturi/Desarrollo/sunat/notificador-sunat-all/noficador-SUNAT/target/classes started by wfuturi in /home/wfuturi/Desarrollo/sunat/notificador-sunat-all/noficador-SUNAT)
2025-06-03 19:21:08 [main] INFO  u.edu.pe.NoficadorSunatApplication - No active profile set, falling back to 1 default profile: "default"
2025-06-03 19:21:09 [main] INFO  o.s.d.r.c.RepositoryConfigurationDelegate - Bootstrapping Spring Data JPA repositories in DEFAULT mode.
2025-06-03 19:21:09 [main] INFO  o.s.d.r.c.RepositoryConfigurationDelegate - Finished Spring Data repository scanning in 95 ms. Found 4 JPA repository interfaces.
2025-06-03 19:21:10 [main] INFO  o.s.b.w.e.tomcat.TomcatWebServer - Tomcat initialized with port 8080 (http)
2025-06-03 19:21:10 [main] INFO  o.a.catalina.core.StandardService - Starting service [Tomcat]
2025-06-03 19:21:10 [main] INFO  o.a.catalina.core.StandardEngine - Starting Servlet engine: [Apache Tomcat/10.1.40]
2025-06-03 19:21:10 [main] INFO  o.a.c.c.C.[Tomcat].[localhost].[/] - Initializing Spring embedded WebApplicationContext
2025-06-03 19:21:10 [main] INFO  o.s.b.w.s.c.ServletWebServerApplicationContext - Root WebApplicationContext: initialization completed in 1754 ms
2025-06-03 19:21:10 [main] INFO  o.h.jpa.internal.util.LogHelper - HHH000204: Processing PersistenceUnitInfo [name: default]
2025-06-03 19:21:10 [main] INFO  org.hibernate.Version - HHH000412: Hibernate ORM core version 6.6.13.Final
2025-06-03 19:21:10 [main] INFO  o.h.c.i.RegionFactoryInitiator - HHH000026: Second-level cache disabled
2025-06-03 19:21:11 [main] INFO  o.s.o.j.p.SpringPersistenceUnitInfo - No LoadTimeWeaver setup: ignoring JPA class transformer
2025-06-03 19:21:11 [main] INFO  com.zaxxer.hikari.HikariDataSource - HikariPool-1 - Starting...
2025-06-03 19:21:11 [main] INFO  com.zaxxer.hikari.pool.HikariPool - HikariPool-1 - Added connection org.postgresql.jdbc.PgConnection@5b0e9e0c
2025-06-03 19:21:11 [main] INFO  com.zaxxer.hikari.HikariDataSource - HikariPool-1 - Start completed.
2025-06-03 19:21:11 [main] WARN  org.hibernate.orm.deprecation - HHH90000025: PostgreSQLDialect does not need to be specified explicitly using 'hibernate.dialect' (remove the property setting and it will be selected by default)
2025-06-03 19:21:11 [main] INFO  o.hibernate.orm.connections.pooling - HHH10001005: Database info:
	Database JDBC URL [Connecting through datasource 'HikariDataSource (HikariPool-1)']
	Database driver: undefined/unknown
	Database version: 16.9
	Autocommit mode: undefined/unknown
	Isolation level: undefined/unknown
	Minimum pool size: undefined/unknown
	Maximum pool size: undefined/unknown
2025-06-03 19:21:12 [main] INFO  o.h.e.t.j.p.i.JtaPlatformInitiator - HHH000489: No JTA platform available (set 'hibernate.transaction.jta.platform' to enable JTA platform integration)
2025-06-03 19:21:13 [main] INFO  o.s.o.j.LocalContainerEntityManagerFactoryBean - Initialized JPA EntityManagerFactory for persistence unit 'default'
2025-06-03 19:21:13 [main] INFO  o.s.d.j.r.query.QueryEnhancerFactory - Hibernate is in classpath; If applicable, HQL parser will be used.
2025-06-03 19:21:14 [main] WARN  o.s.b.a.o.j.JpaBaseConfiguration$JpaWebConfiguration - spring.jpa.open-in-view is enabled by default. Therefore, database queries may be performed during view rendering. Explicitly configure spring.jpa.open-in-view to disable this warning
2025-06-03 19:21:14 [main] INFO  o.s.v.b.OptionalValidatorFactoryBean - Failed to set up a Bean Validation provider: jakarta.validation.NoProviderFoundException: Unable to create a Configuration, because no Jakarta Bean Validation provider could be found. Add a provider like Hibernate Validator (RI) to your classpath.
2025-06-03 19:21:14 [main] INFO  o.s.b.w.e.tomcat.TomcatWebServer - Tomcat started on port 8080 (http) with context path '/'
2025-06-03 19:21:14 [main] INFO  u.edu.pe.NoficadorSunatApplication - Started NoficadorSunatApplication in 7.469 seconds (process running for 8.339)
2025-06-03 19:21:59 [http-nio-8080-exec-1] INFO  o.a.c.c.C.[Tomcat].[localhost].[/] - Initializing Spring DispatcherServlet 'dispatcherServlet'
2025-06-03 19:21:59 [http-nio-8080-exec-1] INFO  o.s.web.servlet.DispatcherServlet - Initializing Servlet 'dispatcherServlet'
2025-06-03 19:21:59 [http-nio-8080-exec-1] INFO  o.s.web.servlet.DispatcherServlet - Completed initialization in 1 ms
2025-06-03 19:22:10 [http-nio-8080-exec-3] INFO  u.e.p.c.SunatNotificacionController - Consultando detalle de notificación: 756734914
2025-06-03 19:22:10 [http-nio-8080-exec-3] INFO  u.e.p.c.SunatNotificacionController - Detalle de notificación 756734914 obtenido exitosamente
2025-06-03 19:22:12 [http-nio-8080-exec-4] INFO  u.e.p.c.SunatNotificacionController - Consultando detalle de notificación: 756755171
2025-06-03 19:22:12 [http-nio-8080-exec-4] INFO  u.e.p.c.SunatNotificacionController - Detalle de notificación 756755171 obtenido exitosamente
2025-06-03 19:28:16 [http-nio-8080-exec-9] INFO  u.e.p.c.SunatNotificacionController - Consultando detalle de notificación: 756755171
2025-06-03 19:28:16 [http-nio-8080-exec-9] INFO  u.e.p.c.SunatNotificacionController - Detalle de notificación 756755171 obtenido exitosamente
2025-06-03 19:28:42 [http-nio-8080-exec-10] INFO  u.e.p.c.SunatNotificacionController - Consultando detalle de notificación: 754427424
2025-06-03 19:28:42 [http-nio-8080-exec-10] INFO  u.e.p.c.SunatNotificacionController - Detalle de notificación 754427424 obtenido exitosamente
2025-06-03 19:28:48 [http-nio-8080-exec-2] INFO  u.e.p.c.SunatNotificacionController - Consultando detalle de notificación: 750152278
2025-06-03 19:28:48 [http-nio-8080-exec-2] INFO  u.e.p.c.SunatNotificacionController - Detalle de notificación 750152278 obtenido exitosamente
2025-06-03 19:28:50 [http-nio-8080-exec-3] INFO  u.e.p.c.SunatNotificacionController - Consultando detalle de notificación: 124970128
2025-06-03 19:28:50 [http-nio-8080-exec-3] INFO  u.e.p.c.SunatNotificacionController - Detalle de notificación 124970128 obtenido exitosamente
2025-06-03 19:28:52 [http-nio-8080-exec-7] INFO  u.e.p.c.SunatNotificacionController - Consultando detalle de notificación: 239324355
2025-06-03 19:28:52 [http-nio-8080-exec-7] INFO  u.e.p.c.SunatNotificacionController - Detalle de notificación 239324355 obtenido exitosamente
2025-06-03 19:28:55 [http-nio-8080-exec-4] INFO  u.e.p.c.SunatNotificacionController - Consultando detalle de notificación: 486531070
2025-06-03 19:28:55 [http-nio-8080-exec-4] INFO  u.e.p.c.SunatNotificacionController - Detalle de notificación 486531070 obtenido exitosamente
2025-06-03 19:28:56 [http-nio-8080-exec-5] INFO  u.e.p.c.SunatNotificacionController - Consultando detalle de notificación: 279854692
2025-06-03 19:28:56 [http-nio-8080-exec-5] INFO  u.e.p.c.SunatNotificacionController - Detalle de notificación 279854692 obtenido exitosamente
2025-06-03 19:28:58 [http-nio-8080-exec-7] INFO  u.e.p.c.SunatNotificacionController - Consultando detalle de notificación: 746600888
2025-06-03 19:28:58 [http-nio-8080-exec-7] INFO  u.e.p.c.SunatNotificacionController - Detalle de notificación 746600888 obtenido exitosamente
2025-06-03 19:28:59 [http-nio-8080-exec-9] INFO  u.e.p.c.SunatNotificacionController - Consultando detalle de notificación: 728643002
2025-06-03 19:28:59 [http-nio-8080-exec-9] INFO  u.e.p.c.SunatNotificacionController - Detalle de notificación 728643002 obtenido exitosamente
2025-06-03 19:29:01 [http-nio-8080-exec-10] INFO  u.e.p.c.SunatNotificacionController - Consultando detalle de notificación: 520296238
2025-06-03 19:29:01 [http-nio-8080-exec-10] INFO  u.e.p.c.SunatNotificacionController - Detalle de notificación 520296238 obtenido exitosamente
2025-06-03 19:29:03 [http-nio-8080-exec-1] INFO  u.e.p.c.SunatNotificacionController - Consultando detalle de notificación: 327276472
2025-06-03 19:29:03 [http-nio-8080-exec-1] INFO  u.e.p.c.SunatNotificacionController - Detalle de notificación 327276472 obtenido exitosamente
2025-06-03 19:29:04 [http-nio-8080-exec-7] INFO  u.e.p.c.SunatNotificacionController - Consultando detalle de notificación: 327276396
2025-06-03 19:29:04 [http-nio-8080-exec-7] INFO  u.e.p.c.SunatNotificacionController - Detalle de notificación 327276396 obtenido exitosamente
2025-06-03 19:29:05 [http-nio-8080-exec-1] INFO  u.e.p.c.SunatNotificacionController - Consultando detalle de notificación: 288521978
2025-06-03 19:29:05 [http-nio-8080-exec-1] INFO  u.e.p.c.SunatNotificacionController - Detalle de notificación 288521978 obtenido exitosamente
2025-06-03 19:29:06 [http-nio-8080-exec-7] INFO  u.e.p.c.SunatNotificacionController - Consultando detalle de notificación: 276660404
2025-06-03 19:29:06 [http-nio-8080-exec-7] INFO  u.e.p.c.SunatNotificacionController - Detalle de notificación 276660404 obtenido exitosamente
2025-06-03 19:29:07 [http-nio-8080-exec-8] INFO  u.e.p.c.SunatNotificacionController - Consultando detalle de notificación: 276660158
2025-06-03 19:29:07 [http-nio-8080-exec-8] INFO  u.e.p.c.SunatNotificacionController - Detalle de notificación 276660158 obtenido exitosamente
2025-06-03 19:29:11 [http-nio-8080-exec-4] INFO  u.e.p.c.SunatNotificacionController - Consultando detalle de notificación: 104742017
2025-06-03 19:29:11 [http-nio-8080-exec-4] INFO  u.e.p.c.SunatNotificacionController - Detalle de notificación 104742017 obtenido exitosamente
2025-06-03 19:29:12 [http-nio-8080-exec-7] INFO  u.e.p.c.SunatNotificacionController - Consultando detalle de notificación: 104746822
2025-06-03 19:29:12 [http-nio-8080-exec-7] INFO  u.e.p.c.SunatNotificacionController - Detalle de notificación 104746822 obtenido exitosamente
2025-06-03 19:29:12 [http-nio-8080-exec-4] INFO  u.e.p.c.SunatNotificacionController - Consultando detalle de notificación: 106356347
2025-06-03 19:29:12 [http-nio-8080-exec-4] INFO  u.e.p.c.SunatNotificacionController - Detalle de notificación 106356347 obtenido exitosamente
2025-06-03 19:29:13 [http-nio-8080-exec-7] INFO  u.e.p.c.SunatNotificacionController - Consultando detalle de notificación: 108073771
2025-06-03 19:29:13 [http-nio-8080-exec-7] INFO  u.e.p.c.SunatNotificacionController - Detalle de notificación 108073771 obtenido exitosamente
2025-06-03 19:29:14 [http-nio-8080-exec-4] INFO  u.e.p.c.SunatNotificacionController - Consultando detalle de notificación: 108083403
2025-06-03 19:29:14 [http-nio-8080-exec-4] INFO  u.e.p.c.SunatNotificacionController - Detalle de notificación 108083403 obtenido exitosamente
2025-06-03 19:29:16 [http-nio-8080-exec-7] INFO  u.e.p.c.SunatNotificacionController - Consultando detalle de notificación: 111157101
2025-06-03 19:29:16 [http-nio-8080-exec-7] INFO  u.e.p.c.SunatNotificacionController - Detalle de notificación 111157101 obtenido exitosamente
2025-06-03 19:29:17 [http-nio-8080-exec-4] INFO  u.e.p.c.SunatNotificacionController - Consultando detalle de notificación: 113888684
2025-06-03 19:29:17 [http-nio-8080-exec-4] INFO  u.e.p.c.SunatNotificacionController - Detalle de notificación 113888684 obtenido exitosamente
2025-06-03 19:29:17 [http-nio-8080-exec-7] INFO  u.e.p.c.SunatNotificacionController - Consultando detalle de notificación: 114593281
2025-06-03 19:29:17 [http-nio-8080-exec-7] INFO  u.e.p.c.SunatNotificacionController - Detalle de notificación 114593281 obtenido exitosamente
2025-06-03 19:29:18 [http-nio-8080-exec-4] INFO  u.e.p.c.SunatNotificacionController - Consultando detalle de notificación: 116377275
2025-06-03 19:29:18 [http-nio-8080-exec-4] INFO  u.e.p.c.SunatNotificacionController - Detalle de notificación 116377275 obtenido exitosamente
2025-06-03 19:29:19 [http-nio-8080-exec-7] INFO  u.e.p.c.SunatNotificacionController - Consultando detalle de notificación: 117928119
2025-06-03 19:29:19 [http-nio-8080-exec-7] INFO  u.e.p.c.SunatNotificacionController - Detalle de notificación 117928119 obtenido exitosamente
2025-06-03 19:29:19 [http-nio-8080-exec-4] INFO  u.e.p.c.SunatNotificacionController - Consultando detalle de notificación: 118655031
2025-06-03 19:29:19 [http-nio-8080-exec-4] INFO  u.e.p.c.SunatNotificacionController - Detalle de notificación 118655031 obtenido exitosamente
2025-06-03 19:29:20 [http-nio-8080-exec-7] INFO  u.e.p.c.SunatNotificacionController - Consultando detalle de notificación: 122173271
2025-06-03 19:29:20 [http-nio-8080-exec-7] INFO  u.e.p.c.SunatNotificacionController - Detalle de notificación 122173271 obtenido exitosamente
2025-06-03 19:29:21 [http-nio-8080-exec-4] INFO  u.e.p.c.SunatNotificacionController - Consultando detalle de notificación: 123397841
2025-06-03 19:29:21 [http-nio-8080-exec-4] INFO  u.e.p.c.SunatNotificacionController - Detalle de notificación 123397841 obtenido exitosamente
2025-06-03 19:29:22 [http-nio-8080-exec-7] INFO  u.e.p.c.SunatNotificacionController - Consultando detalle de notificación: 123398101
2025-06-03 19:29:22 [http-nio-8080-exec-7] INFO  u.e.p.c.SunatNotificacionController - Detalle de notificación 123398101 obtenido exitosamente
2025-06-03 19:29:24 [http-nio-8080-exec-4] INFO  u.e.p.c.SunatNotificacionController - Consultando detalle de notificación: 124901815
2025-06-03 19:29:24 [http-nio-8080-exec-4] INFO  u.e.p.c.SunatNotificacionController - Detalle de notificación 124901815 obtenido exitosamente
2025-06-03 19:29:24 [http-nio-8080-exec-5] INFO  u.e.p.c.SunatNotificacionController - Consultando detalle de notificación: 124901815
2025-06-03 19:29:24 [http-nio-8080-exec-5] INFO  u.e.p.c.SunatNotificacionController - Detalle de notificación 124901815 obtenido exitosamente
2025-06-03 19:29:25 [http-nio-8080-exec-10] INFO  u.e.p.c.SunatNotificacionController - Consultando detalle de notificación: 125646787
2025-06-03 19:29:25 [http-nio-8080-exec-10] INFO  u.e.p.c.SunatNotificacionController - Detalle de notificación 125646787 obtenido exitosamente
2025-06-03 19:29:25 [http-nio-8080-exec-3] INFO  u.e.p.c.SunatNotificacionController - Consultando detalle de notificación: 126772978
2025-06-03 19:29:25 [http-nio-8080-exec-3] INFO  u.e.p.c.SunatNotificacionController - Detalle de notificación 126772978 obtenido exitosamente
2025-06-03 19:29:26 [http-nio-8080-exec-10] INFO  u.e.p.c.SunatNotificacionController - Consultando detalle de notificación: 132050599
2025-06-03 19:29:26 [http-nio-8080-exec-10] INFO  u.e.p.c.SunatNotificacionController - Detalle de notificación 132050599 obtenido exitosamente
2025-06-03 19:29:27 [http-nio-8080-exec-3] INFO  u.e.p.c.SunatNotificacionController - Consultando detalle de notificación: 142657444
2025-06-03 19:29:27 [http-nio-8080-exec-3] INFO  u.e.p.c.SunatNotificacionController - Detalle de notificación 142657444 obtenido exitosamente
2025-06-03 19:29:28 [http-nio-8080-exec-10] INFO  u.e.p.c.SunatNotificacionController - Consultando detalle de notificación: 144982313
2025-06-03 19:29:28 [http-nio-8080-exec-10] INFO  u.e.p.c.SunatNotificacionController - Detalle de notificación 144982313 obtenido exitosamente
2025-06-03 19:29:30 [http-nio-8080-exec-3] INFO  u.e.p.c.SunatNotificacionController - Consultando detalle de notificación: 140255962
2025-06-03 19:29:30 [http-nio-8080-exec-3] INFO  u.e.p.c.SunatNotificacionController - Detalle de notificación 140255962 obtenido exitosamente
2025-06-03 19:29:31 [http-nio-8080-exec-10] INFO  u.e.p.c.SunatNotificacionController - Consultando detalle de notificación: 140365471
2025-06-03 19:29:31 [http-nio-8080-exec-10] INFO  u.e.p.c.SunatNotificacionController - Detalle de notificación 140365471 obtenido exitosamente
2025-06-03 19:29:32 [http-nio-8080-exec-3] INFO  u.e.p.c.SunatNotificacionController - Consultando detalle de notificación: 142471737
2025-06-03 19:29:32 [http-nio-8080-exec-3] INFO  u.e.p.c.SunatNotificacionController - Detalle de notificación 142471737 obtenido exitosamente
2025-06-03 19:29:33 [http-nio-8080-exec-7] INFO  u.e.p.c.SunatNotificacionController - Consultando detalle de notificación: 142657444
2025-06-03 19:29:33 [http-nio-8080-exec-7] INFO  u.e.p.c.SunatNotificacionController - Detalle de notificación 142657444 obtenido exitosamente
2025-06-03 19:29:34 [http-nio-8080-exec-9] INFO  u.e.p.c.SunatNotificacionController - Consultando detalle de notificación: 142471737
2025-06-03 19:29:34 [http-nio-8080-exec-9] INFO  u.e.p.c.SunatNotificacionController - Detalle de notificación 142471737 obtenido exitosamente
2025-06-03 19:30:18 [http-nio-8080-exec-10] INFO  u.e.p.c.SunatNotificacionController - Consultando detalle de notificación: 142657444
2025-06-03 19:30:18 [http-nio-8080-exec-10] INFO  u.e.p.c.SunatNotificacionController - Detalle de notificación 142657444 obtenido exitosamente
2025-06-03 19:30:19 [http-nio-8080-exec-1] INFO  u.e.p.c.SunatNotificacionController - Consultando detalle de notificación: 144958678
2025-06-03 19:30:19 [http-nio-8080-exec-1] INFO  u.e.p.c.SunatNotificacionController - Detalle de notificación 144958678 obtenido exitosamente
2025-06-03 19:43:53 [http-nio-8080-exec-8] INFO  u.e.p.c.SunatNotificacionController - Consultando detalle de notificación: 147478479
2025-06-03 19:43:53 [http-nio-8080-exec-8] INFO  u.e.p.c.SunatNotificacionController - Detalle de notificación 147478479 obtenido exitosamente
2025-06-03 19:43:56 [http-nio-8080-exec-5] INFO  u.e.p.c.SunatNotificacionController - Consultando detalle de notificación: 157744882
2025-06-03 19:43:56 [http-nio-8080-exec-5] INFO  u.e.p.c.SunatNotificacionController - Detalle de notificación 157744882 obtenido exitosamente
2025-06-03 19:43:57 [http-nio-8080-exec-8] INFO  u.e.p.c.SunatNotificacionController - Consultando detalle de notificación: 157772023
2025-06-03 19:43:57 [http-nio-8080-exec-8] INFO  u.e.p.c.SunatNotificacionController - Detalle de notificación 157772023 obtenido exitosamente
2025-06-03 19:43:58 [http-nio-8080-exec-5] INFO  u.e.p.c.SunatNotificacionController - Consultando detalle de notificación: 157773801
2025-06-03 19:43:58 [http-nio-8080-exec-5] INFO  u.e.p.c.SunatNotificacionController - Detalle de notificación 157773801 obtenido exitosamente
2025-06-03 19:44:00 [http-nio-8080-exec-8] INFO  u.e.p.c.SunatNotificacionController - Consultando detalle de notificación: 171085664
2025-06-03 19:44:00 [http-nio-8080-exec-8] INFO  u.e.p.c.SunatNotificacionController - Detalle de notificación 171085664 obtenido exitosamente
2025-06-03 19:44:01 [http-nio-8080-exec-5] INFO  u.e.p.c.SunatNotificacionController - Consultando detalle de notificación: 189426523
2025-06-03 19:44:01 [http-nio-8080-exec-5] INFO  u.e.p.c.SunatNotificacionController - Detalle de notificación 189426523 obtenido exitosamente
2025-06-03 19:44:02 [http-nio-8080-exec-8] INFO  u.e.p.c.SunatNotificacionController - Consultando detalle de notificación: 190805163
2025-06-03 19:44:02 [http-nio-8080-exec-8] INFO  u.e.p.c.SunatNotificacionController - Detalle de notificación 190805163 obtenido exitosamente
2025-06-03 19:44:02 [http-nio-8080-exec-5] INFO  u.e.p.c.SunatNotificacionController - Consultando detalle de notificación: 193181933
2025-06-03 19:44:02 [http-nio-8080-exec-5] INFO  u.e.p.c.SunatNotificacionController - Detalle de notificación 193181933 obtenido exitosamente
2025-06-03 19:44:03 [http-nio-8080-exec-8] INFO  u.e.p.c.SunatNotificacionController - Consultando detalle de notificación: 197981085
2025-06-03 19:44:03 [http-nio-8080-exec-8] INFO  u.e.p.c.SunatNotificacionController - Detalle de notificación 197981085 obtenido exitosamente
2025-06-03 19:44:04 [http-nio-8080-exec-5] INFO  u.e.p.c.SunatNotificacionController - Consultando detalle de notificación: 200906188
2025-06-03 19:44:04 [http-nio-8080-exec-5] INFO  u.e.p.c.SunatNotificacionController - Detalle de notificación 200906188 obtenido exitosamente
2025-06-03 19:44:04 [http-nio-8080-exec-8] INFO  u.e.p.c.SunatNotificacionController - Consultando detalle de notificación: 205434412
2025-06-03 19:44:04 [http-nio-8080-exec-8] INFO  u.e.p.c.SunatNotificacionController - Detalle de notificación 205434412 obtenido exitosamente
2025-06-03 19:44:05 [http-nio-8080-exec-5] INFO  u.e.p.c.SunatNotificacionController - Consultando detalle de notificación: 207653458
2025-06-03 19:44:05 [http-nio-8080-exec-5] INFO  u.e.p.c.SunatNotificacionController - Detalle de notificación 207653458 obtenido exitosamente
2025-06-03 19:44:07 [http-nio-8080-exec-8] INFO  u.e.p.c.SunatNotificacionController - Consultando detalle de notificación: 207653454
2025-06-03 19:44:07 [http-nio-8080-exec-8] INFO  u.e.p.c.SunatNotificacionController - Detalle de notificación 207653454 obtenido exitosamente
2025-06-03 19:44:08 [http-nio-8080-exec-4] INFO  u.e.p.c.SunatNotificacionController - Consultando detalle de notificación: 205815441
2025-06-03 19:44:08 [http-nio-8080-exec-4] INFO  u.e.p.c.SunatNotificacionController - Detalle de notificación 205815441 obtenido exitosamente
2025-06-03 19:44:09 [http-nio-8080-exec-10] INFO  u.e.p.c.SunatNotificacionController - Consultando detalle de notificación: 207653454
2025-06-03 19:44:09 [http-nio-8080-exec-10] INFO  u.e.p.c.SunatNotificacionController - Detalle de notificación 207653454 obtenido exitosamente
2025-06-03 19:44:10 [http-nio-8080-exec-9] INFO  u.e.p.c.SunatNotificacionController - Consultando detalle de notificación: 207653458
2025-06-03 19:44:10 [http-nio-8080-exec-9] INFO  u.e.p.c.SunatNotificacionController - Detalle de notificación 207653458 obtenido exitosamente
2025-06-03 19:44:11 [http-nio-8080-exec-1] INFO  u.e.p.c.SunatNotificacionController - Consultando detalle de notificación: 213632292
2025-06-03 19:44:11 [http-nio-8080-exec-1] INFO  u.e.p.c.SunatNotificacionController - Detalle de notificación 213632292 obtenido exitosamente
2025-06-03 19:44:12 [http-nio-8080-exec-7] INFO  u.e.p.c.SunatNotificacionController - Consultando detalle de notificación: 213632465
2025-06-03 19:44:12 [http-nio-8080-exec-7] INFO  u.e.p.c.SunatNotificacionController - Detalle de notificación 213632465 obtenido exitosamente
2025-06-03 19:44:13 [http-nio-8080-exec-1] INFO  u.e.p.c.SunatNotificacionController - Consultando detalle de notificación: 215901846
2025-06-03 19:44:13 [http-nio-8080-exec-1] INFO  u.e.p.c.SunatNotificacionController - Detalle de notificación 215901846 obtenido exitosamente
2025-06-03 19:44:14 [http-nio-8080-exec-4] INFO  u.e.p.c.SunatNotificacionController - Consultando detalle de notificación: 213632465
2025-06-03 19:44:14 [http-nio-8080-exec-4] INFO  u.e.p.c.SunatNotificacionController - Detalle de notificación 213632465 obtenido exitosamente
2025-06-03 19:44:14 [http-nio-8080-exec-6] INFO  u.e.p.c.SunatNotificacionController - Consultando detalle de notificación: 213632292
2025-06-03 19:44:14 [http-nio-8080-exec-6] INFO  u.e.p.c.SunatNotificacionController - Detalle de notificación 213632292 obtenido exitosamente
2025-06-03 19:44:15 [http-nio-8080-exec-7] INFO  u.e.p.c.SunatNotificacionController - Consultando detalle de notificación: 207653458
2025-06-03 19:44:15 [http-nio-8080-exec-7] INFO  u.e.p.c.SunatNotificacionController - Detalle de notificación 207653458 obtenido exitosamente
2025-06-03 19:44:27 [http-nio-8080-exec-10] INFO  u.e.p.c.SunatNotificacionController - Consultando detalle de notificación: 758446556
2025-06-03 19:44:27 [http-nio-8080-exec-10] INFO  u.e.p.c.SunatNotificacionController - Detalle de notificación 758446556 obtenido exitosamente
2025-06-03 19:44:31 [http-nio-8080-exec-9] INFO  u.e.p.c.SunatNotificacionController - Consultando detalle de notificación: 756755171
2025-06-03 19:44:31 [http-nio-8080-exec-9] INFO  u.e.p.c.SunatNotificacionController - Detalle de notificación 756755171 obtenido exitosamente
2025-06-03 19:44:35 [http-nio-8080-exec-2] INFO  u.e.p.c.SunatNotificacionController - Consultando detalle de notificación: 756755171
2025-06-03 19:44:35 [http-nio-8080-exec-2] INFO  u.e.p.c.SunatNotificacionController - Detalle de notificación 756755171 obtenido exitosamente
2025-06-03 19:44:36 [http-nio-8080-exec-8] INFO  u.e.p.c.SunatNotificacionController - Consultando detalle de notificación: 756734914
2025-06-03 19:44:36 [http-nio-8080-exec-8] INFO  u.e.p.c.SunatNotificacionController - Detalle de notificación 756734914 obtenido exitosamente
2025-06-03 19:44:38 [http-nio-8080-exec-1] INFO  u.e.p.c.SunatNotificacionController - Consultando detalle de notificación: 756734534
2025-06-03 19:44:38 [http-nio-8080-exec-1] INFO  u.e.p.c.SunatNotificacionController - Detalle de notificación 756734534 obtenido exitosamente
2025-06-03 19:44:47 [http-nio-8080-exec-5] INFO  u.e.p.c.SunatNotificacionController - Consultando detalle de notificación: 756734519
2025-06-03 19:44:47 [http-nio-8080-exec-5] INFO  u.e.p.c.SunatNotificacionController - Detalle de notificación 756734519 obtenido exitosamente
2025-06-03 19:46:43 [http-nio-8080-exec-7] INFO  u.e.p.c.SunatNotificacionController - Consultando detalle de notificación: 756755171
2025-06-03 19:46:43 [http-nio-8080-exec-7] INFO  u.e.p.c.SunatNotificacionController - Detalle de notificación 756755171 obtenido exitosamente
2025-06-03 19:46:44 [http-nio-8080-exec-10] INFO  u.e.p.c.SunatNotificacionController - Consultando detalle de notificación: 756734519
2025-06-03 19:46:44 [http-nio-8080-exec-10] INFO  u.e.p.c.SunatNotificacionController - Detalle de notificación 756734519 obtenido exitosamente
2025-06-03 19:46:47 [http-nio-8080-exec-9] INFO  u.e.p.c.SunatNotificacionController - Consultando detalle de notificación: 756755171
2025-06-03 19:46:47 [http-nio-8080-exec-9] INFO  u.e.p.c.SunatNotificacionController - Detalle de notificación 756755171 obtenido exitosamente
2025-06-03 19:46:48 [http-nio-8080-exec-2] INFO  u.e.p.c.SunatNotificacionController - Consultando detalle de notificación: 756755171
2025-06-03 19:46:48 [http-nio-8080-exec-2] INFO  u.e.p.c.SunatNotificacionController - Detalle de notificación 756755171 obtenido exitosamente
2025-06-03 19:47:08 [http-nio-8080-exec-5] INFO  u.e.p.c.SunatNotificacionController - Consultando detalle de notificación: 65582148
2025-06-03 19:47:08 [http-nio-8080-exec-5] INFO  u.e.p.c.SunatNotificacionController - Detalle de notificación 65582148 obtenido exitosamente
2025-06-03 19:47:09 [http-nio-8080-exec-6] INFO  u.e.p.c.SunatNotificacionController - Consultando detalle de notificación: 65582148
2025-06-03 19:47:09 [http-nio-8080-exec-6] INFO  u.e.p.c.SunatNotificacionController - Detalle de notificación 65582148 obtenido exitosamente
2025-06-03 19:47:10 [http-nio-8080-exec-9] INFO  u.e.p.c.SunatNotificacionController - Consultando detalle de notificación: 65030922
2025-06-03 19:47:10 [http-nio-8080-exec-9] INFO  u.e.p.c.SunatNotificacionController - Detalle de notificación 65030922 obtenido exitosamente
2025-06-03 19:47:11 [http-nio-8080-exec-3] INFO  u.e.p.c.SunatNotificacionController - Consultando detalle de notificación: 61448262
2025-06-03 19:47:11 [http-nio-8080-exec-3] INFO  u.e.p.c.SunatNotificacionController - Detalle de notificación 61448262 obtenido exitosamente
2025-06-03 19:47:12 [http-nio-8080-exec-9] INFO  u.e.p.c.SunatNotificacionController - Consultando detalle de notificación: 64228681
2025-06-03 19:47:12 [http-nio-8080-exec-9] INFO  u.e.p.c.SunatNotificacionController - Detalle de notificación 64228681 obtenido exitosamente
2025-06-03 19:47:13 [http-nio-8080-exec-1] INFO  u.e.p.c.SunatNotificacionController - Consultando detalle de notificación: 61448262
2025-06-03 19:47:13 [http-nio-8080-exec-1] INFO  u.e.p.c.SunatNotificacionController - Detalle de notificación 61448262 obtenido exitosamente
2025-06-03 19:47:14 [http-nio-8080-exec-4] INFO  u.e.p.c.SunatNotificacionController - Consultando detalle de notificación: 59314982
2025-06-03 19:47:14 [http-nio-8080-exec-4] INFO  u.e.p.c.SunatNotificacionController - Detalle de notificación 59314982 obtenido exitosamente
2025-06-03 19:56:19 [http-nio-8080-exec-5] INFO  u.e.p.c.SunatNotificacionController - Consultando detalle de notificación: 756755171
2025-06-03 19:56:19 [http-nio-8080-exec-5] INFO  u.e.p.c.SunatNotificacionController - Detalle de notificación 756755171 obtenido exitosamente
2025-06-03 20:04:00 [http-nio-8080-exec-5] INFO  u.e.p.c.SunatNotificacionController - Consultando detalle de notificación: 756008323
2025-06-03 20:04:00 [http-nio-8080-exec-5] INFO  u.e.p.c.SunatNotificacionController - Detalle de notificación 756008323 obtenido exitosamente
2025-06-03 20:04:00 [http-nio-8080-exec-3] INFO  u.e.p.c.SunatNotificacionController - Consultando detalle de notificación: 754790613
2025-06-03 20:04:00 [http-nio-8080-exec-3] INFO  u.e.p.c.SunatNotificacionController - Detalle de notificación 754790613 obtenido exitosamente
2025-06-03 20:05:24 [http-nio-8080-exec-2] INFO  u.e.p.c.SunatNotificacionController - Consultando detalle de notificación: 66938582
2025-06-03 20:05:24 [http-nio-8080-exec-2] INFO  u.e.p.c.SunatNotificacionController - Detalle de notificación 66938582 obtenido exitosamente
2025-06-03 20:05:26 [http-nio-8080-exec-3] INFO  u.e.p.c.SunatNotificacionController - Consultando detalle de notificación: 66938587
2025-06-03 20:05:26 [http-nio-8080-exec-3] INFO  u.e.p.c.SunatNotificacionController - Detalle de notificación 66938587 obtenido exitosamente
2025-06-03 20:05:27 [http-nio-8080-exec-9] INFO  u.e.p.c.SunatNotificacionController - Consultando detalle de notificación: 65582148
2025-06-03 20:05:27 [http-nio-8080-exec-9] INFO  u.e.p.c.SunatNotificacionController - Detalle de notificación 65582148 obtenido exitosamente
2025-06-03 20:05:29 [http-nio-8080-exec-10] INFO  u.e.p.c.SunatNotificacionController - Consultando detalle de notificación: 65030922
2025-06-03 20:05:29 [http-nio-8080-exec-10] INFO  u.e.p.c.SunatNotificacionController - Detalle de notificación 65030922 obtenido exitosamente
2025-06-03 20:05:36 [http-nio-8080-exec-2] INFO  u.e.p.c.SunatNotificacionController - Consultando detalle de notificación: 59314982
2025-06-03 20:05:36 [http-nio-8080-exec-2] INFO  u.e.p.c.SunatNotificacionController - Detalle de notificación 59314982 obtenido exitosamente
2025-06-03 20:05:37 [http-nio-8080-exec-7] INFO  u.e.p.c.SunatNotificacionController - Consultando detalle de notificación: 61448262
2025-06-03 20:05:37 [http-nio-8080-exec-7] INFO  u.e.p.c.SunatNotificacionController - Detalle de notificación 61448262 obtenido exitosamente
2025-06-03 20:05:39 [http-nio-8080-exec-1] INFO  u.e.p.c.SunatNotificacionController - Consultando detalle de notificación: 65030922
2025-06-03 20:05:39 [http-nio-8080-exec-1] INFO  u.e.p.c.SunatNotificacionController - Detalle de notificación 65030922 obtenido exitosamente
2025-06-03 20:05:41 [http-nio-8080-exec-8] INFO  u.e.p.c.SunatNotificacionController - Consultando detalle de notificación: 65582148
2025-06-03 20:05:41 [http-nio-8080-exec-8] INFO  u.e.p.c.SunatNotificacionController - Detalle de notificación 65582148 obtenido exitosamente
2025-06-03 20:05:43 [http-nio-8080-exec-5] INFO  u.e.p.c.SunatNotificacionController - Consultando detalle de notificación: 65030922
2025-06-03 20:05:43 [http-nio-8080-exec-5] INFO  u.e.p.c.SunatNotificacionController - Detalle de notificación 65030922 obtenido exitosamente
2025-06-03 20:05:44 [http-nio-8080-exec-3] INFO  u.e.p.c.SunatNotificacionController - Consultando detalle de notificación: 64228681
2025-06-03 20:05:44 [http-nio-8080-exec-3] INFO  u.e.p.c.SunatNotificacionController - Detalle de notificación 64228681 obtenido exitosamente
2025-06-03 20:05:45 [http-nio-8080-exec-6] INFO  u.e.p.c.SunatNotificacionController - Consultando detalle de notificación: 61448262
2025-06-03 20:05:45 [http-nio-8080-exec-6] INFO  u.e.p.c.SunatNotificacionController - Detalle de notificación 61448262 obtenido exitosamente
2025-06-03 20:05:48 [http-nio-8080-exec-4] INFO  u.e.p.c.SunatNotificacionController - Consultando detalle de notificación: 83850385
2025-06-03 20:05:48 [http-nio-8080-exec-4] INFO  u.e.p.c.SunatNotificacionController - Detalle de notificación 83850385 obtenido exitosamente
2025-06-03 20:05:51 [http-nio-8080-exec-2] INFO  u.e.p.c.SunatNotificacionController - Consultando detalle de notificación: 85079689
2025-06-03 20:05:51 [http-nio-8080-exec-2] INFO  u.e.p.c.SunatNotificacionController - Detalle de notificación 85079689 obtenido exitosamente
2025-06-03 20:05:53 [http-nio-8080-exec-8] INFO  u.e.p.c.SunatNotificacionController - Consultando detalle de notificación: 649695359
2025-06-03 20:05:53 [http-nio-8080-exec-8] INFO  u.e.p.c.SunatNotificacionController - Detalle de notificación 649695359 obtenido exitosamente
2025-06-03 20:05:55 [http-nio-8080-exec-5] INFO  u.e.p.c.SunatNotificacionController - Consultando detalle de notificación: 657393542
2025-06-03 20:05:55 [http-nio-8080-exec-5] INFO  u.e.p.c.SunatNotificacionController - Detalle de notificación 657393542 obtenido exitosamente
2025-06-03 20:05:56 [http-nio-8080-exec-3] INFO  u.e.p.c.SunatNotificacionController - Consultando detalle de notificación: 649695359
2025-06-03 20:05:56 [http-nio-8080-exec-3] INFO  u.e.p.c.SunatNotificacionController - Detalle de notificación 649695359 obtenido exitosamente
2025-06-03 20:09:17 [http-nio-8080-exec-9] INFO  o.s.api.AbstractOpenApiResource - Init duration for springdoc-openapi is: 527 ms
2025-06-03 20:10:23 [http-nio-8080-exec-2] INFO  u.e.p.c.SunatNotificacionController - Consultando detalle de notificación: 86738653
2025-06-03 20:10:23 [http-nio-8080-exec-2] INFO  u.e.p.c.SunatNotificacionController - Detalle de notificación 86738653 obtenido exitosamente
2025-06-03 20:11:52 [http-nio-8080-exec-6] INFO  u.e.p.c.SunatNotificacionController - Consultando detalle de notificación: 84627418
2025-06-03 20:11:52 [http-nio-8080-exec-6] INFO  u.e.p.c.SunatNotificacionController - Detalle de notificación 84627418 obtenido exitosamente
2025-06-03 20:27:33 [http-nio-8080-exec-3] INFO  u.e.p.c.SunatNotificacionController - Consultando detalle de notificación: 649695359
2025-06-03 20:27:33 [http-nio-8080-exec-3] INFO  u.e.p.c.SunatNotificacionController - Detalle de notificación 649695359 obtenido exitosamente
2025-06-03 20:27:35 [http-nio-8080-exec-7] INFO  u.e.p.c.SunatNotificacionController - Consultando detalle de notificación: 657393542
2025-06-03 20:27:35 [http-nio-8080-exec-7] INFO  u.e.p.c.SunatNotificacionController - Detalle de notificación 657393542 obtenido exitosamente
2025-06-03 20:39:53 [http-nio-8080-exec-7] INFO  u.e.p.c.SunatNotificacionController - Consultando detalle de notificación: 269672004
2025-06-03 20:39:53 [http-nio-8080-exec-7] INFO  u.e.p.c.SunatNotificacionController - Detalle de notificación 269672004 obtenido exitosamente
2025-06-03 20:44:45 [http-nio-8080-exec-9] INFO  u.e.p.c.SunatNotificacionController - Consultando detalle de notificación: 239324355
2025-06-03 20:44:45 [http-nio-8080-exec-9] INFO  u.e.p.c.SunatNotificacionController - Detalle de notificación 239324355 obtenido exitosamente
2025-06-03 20:44:45 [http-nio-8080-exec-6] INFO  u.e.p.c.SunatNotificacionController - Consultando detalle de notificación: 239324355
2025-06-03 20:44:45 [http-nio-8080-exec-6] INFO  u.e.p.c.SunatNotificacionController - Detalle de notificación 239324355 obtenido exitosamente
2025-06-03 20:44:46 [http-nio-8080-exec-1] INFO  u.e.p.c.SunatNotificacionController - Consultando detalle de notificación: 183924119
2025-06-03 20:44:46 [http-nio-8080-exec-1] INFO  u.e.p.c.SunatNotificacionController - Detalle de notificación 183924119 obtenido exitosamente
2025-06-03 20:51:02 [http-nio-8080-exec-3] INFO  u.e.p.c.SunatNotificacionController - Consultando detalle de notificación: 84621650
2025-06-03 20:51:02 [http-nio-8080-exec-3] INFO  u.e.p.c.SunatNotificacionController - Detalle de notificación 84621650 obtenido exitosamente
2025-06-03 20:54:24 [http-nio-8080-exec-1] INFO  u.e.p.c.SunatNotificacionController - Consultando detalle de notificación: 756755171
2025-06-03 20:54:24 [http-nio-8080-exec-1] INFO  u.e.p.c.SunatNotificacionController - Detalle de notificación 756755171 obtenido exitosamente
2025-06-03 20:54:26 [http-nio-8080-exec-4] INFO  u.e.p.c.SunatNotificacionController - Consultando detalle de notificación: 756755171
2025-06-03 20:54:26 [http-nio-8080-exec-4] INFO  u.e.p.c.SunatNotificacionController - Detalle de notificación 756755171 obtenido exitosamente
2025-06-03 20:54:27 [http-nio-8080-exec-7] INFO  u.e.p.c.SunatNotificacionController - Consultando detalle de notificación: 756734914
2025-06-03 20:54:27 [http-nio-8080-exec-7] INFO  u.e.p.c.SunatNotificacionController - Detalle de notificación 756734914 obtenido exitosamente
2025-06-03 20:54:54 [http-nio-8080-exec-10] INFO  u.e.p.c.SunatNotificacionController - Consultando detalle de notificación: 756755171
2025-06-03 20:54:54 [http-nio-8080-exec-10] INFO  u.e.p.c.SunatNotificacionController - Detalle de notificación 756755171 obtenido exitosamente
2025-06-03 20:59:51 [http-nio-8080-exec-2] INFO  u.e.p.c.SunatNotificacionController - Consultando detalle de notificación: 756755171
2025-06-03 20:59:51 [http-nio-8080-exec-2] INFO  u.e.p.c.SunatNotificacionController - Detalle de notificación 756755171 obtenido exitosamente
2025-06-03 21:01:05 [http-nio-8080-exec-5] INFO  u.e.p.c.SunatNotificacionController - Consultando detalle de notificación: 756734534
2025-06-03 21:01:05 [http-nio-8080-exec-5] INFO  u.e.p.c.SunatNotificacionController - Detalle de notificación 756734534 obtenido exitosamente
2025-06-03 21:06:47 [http-nio-8080-exec-10] INFO  u.e.p.c.SunatNotificacionController - Consultando detalle de notificación: 756755171
2025-06-03 21:06:47 [http-nio-8080-exec-10] INFO  u.e.p.c.SunatNotificacionController - Detalle de notificación 756755171 obtenido exitosamente
2025-06-03 21:06:48 [http-nio-8080-exec-3] INFO  u.e.p.c.SunatNotificacionController - Consultando detalle de notificación: 756734914
2025-06-03 21:06:48 [http-nio-8080-exec-3] INFO  u.e.p.c.SunatNotificacionController - Detalle de notificación 756734914 obtenido exitosamente
2025-06-03 21:06:48 [http-nio-8080-exec-8] INFO  u.e.p.c.SunatNotificacionController - Consultando detalle de notificación: 756755171
2025-06-03 21:06:48 [http-nio-8080-exec-8] INFO  u.e.p.c.SunatNotificacionController - Detalle de notificación 756755171 obtenido exitosamente
2025-06-03 21:07:03 [http-nio-8080-exec-5] INFO  u.e.p.c.SunatNotificacionController - Consultando detalle de notificación: 746892052
2025-06-03 21:07:03 [http-nio-8080-exec-5] INFO  u.e.p.c.SunatNotificacionController - Detalle de notificación 746892052 obtenido exitosamente
2025-06-03 21:07:19 [http-nio-8080-exec-2] INFO  u.e.p.c.SunatNotificacionController - Consultando detalle de notificación: 531363105
2025-06-03 21:07:19 [http-nio-8080-exec-2] INFO  u.e.p.c.SunatNotificacionController - Detalle de notificación 531363105 obtenido exitosamente
2025-06-03 21:09:30 [http-nio-8080-exec-6] INFO  u.e.p.c.SunatNotificacionController - Consultando detalle de notificación: 756755171
2025-06-03 21:09:30 [http-nio-8080-exec-6] INFO  u.e.p.c.SunatNotificacionController - Detalle de notificación 756755171 obtenido exitosamente
2025-06-03 21:09:41 [http-nio-8080-exec-1] INFO  u.e.p.c.SunatNotificacionController - Consultando detalle de notificación: 327611974
2025-06-03 21:09:41 [http-nio-8080-exec-1] INFO  u.e.p.c.SunatNotificacionController - Detalle de notificación 327611974 obtenido exitosamente
2025-06-03 21:17:10 [http-nio-8080-exec-10] INFO  u.e.p.c.SunatNotificacionController - Consultando detalle de notificación: 756734914
2025-06-03 21:17:10 [http-nio-8080-exec-10] INFO  u.e.p.c.SunatNotificacionController - Detalle de notificación 756734914 obtenido exitosamente
2025-06-03 21:17:11 [http-nio-8080-exec-3] INFO  u.e.p.c.SunatNotificacionController - Consultando detalle de notificación: 756755171
2025-06-03 21:17:11 [http-nio-8080-exec-3] INFO  u.e.p.c.SunatNotificacionController - Detalle de notificación 756755171 obtenido exitosamente
2025-06-03 21:17:56 [http-nio-8080-exec-8] INFO  u.e.p.c.SunatNotificacionController - Consultando detalle de notificación: 756755171
2025-06-03 21:17:56 [http-nio-8080-exec-8] INFO  u.e.p.c.SunatNotificacionController - Detalle de notificación 756755171 obtenido exitosamente
2025-06-03 21:20:11 [http-nio-8080-exec-2] INFO  u.e.p.c.SunatNotificacionController - Consultando detalle de notificación: 756734534
2025-06-03 21:20:11 [http-nio-8080-exec-2] INFO  u.e.p.c.SunatNotificacionController - Detalle de notificación 756734534 obtenido exitosamente
2025-06-03 21:20:15 [http-nio-8080-exec-9] INFO  u.e.p.c.SunatNotificacionController - Consultando detalle de notificación: 756734914
2025-06-03 21:20:15 [http-nio-8080-exec-9] INFO  u.e.p.c.SunatNotificacionController - Detalle de notificación 756734914 obtenido exitosamente
2025-06-03 21:20:16 [http-nio-8080-exec-4] INFO  u.e.p.c.SunatNotificacionController - Consultando detalle de notificación: 756755171
2025-06-03 21:20:16 [http-nio-8080-exec-4] INFO  u.e.p.c.SunatNotificacionController - Detalle de notificación 756755171 obtenido exitosamente
2025-06-03 21:20:18 [http-nio-8080-exec-6] INFO  u.e.p.c.SunatNotificacionController - Consultando detalle de notificación: 756734534
2025-06-03 21:20:18 [http-nio-8080-exec-6] INFO  u.e.p.c.SunatNotificacionController - Detalle de notificación 756734534 obtenido exitosamente
2025-06-03 21:20:27 [http-nio-8080-exec-1] INFO  u.e.p.c.SunatNotificacionController - Consultando detalle de notificación: 275284250
2025-06-03 21:20:27 [http-nio-8080-exec-1] INFO  u.e.p.c.SunatNotificacionController - Detalle de notificación 275284250 obtenido exitosamente
2025-06-03 21:20:27 [http-nio-8080-exec-7] INFO  u.e.p.c.SunatNotificacionController - Consultando detalle de notificación: 325619149
2025-06-03 21:20:27 [http-nio-8080-exec-7] INFO  u.e.p.c.SunatNotificacionController - Detalle de notificación 325619149 obtenido exitosamente
2025-06-03 21:20:29 [http-nio-8080-exec-10] INFO  u.e.p.c.SunatNotificacionController - Consultando detalle de notificación: 275284250
2025-06-03 21:20:29 [http-nio-8080-exec-10] INFO  u.e.p.c.SunatNotificacionController - Detalle de notificación 275284250 obtenido exitosamente
2025-06-03 21:20:30 [http-nio-8080-exec-3] INFO  u.e.p.c.SunatNotificacionController - Consultando detalle de notificación: 754427424
2025-06-03 21:20:30 [http-nio-8080-exec-3] INFO  u.e.p.c.SunatNotificacionController - Detalle de notificación 754427424 obtenido exitosamente
2025-06-03 21:20:30 [http-nio-8080-exec-8] INFO  u.e.p.c.SunatNotificacionController - Consultando detalle de notificación: 756734534
2025-06-03 21:20:30 [http-nio-8080-exec-8] INFO  u.e.p.c.SunatNotificacionController - Detalle de notificación 756734534 obtenido exitosamente
2025-06-03 21:20:35 [http-nio-8080-exec-5] INFO  u.e.p.c.SunatNotificacionController - Consultando detalle de notificación: 756734534
2025-06-03 21:20:35 [http-nio-8080-exec-5] INFO  u.e.p.c.SunatNotificacionController - Detalle de notificación 756734534 obtenido exitosamente
2025-06-03 21:21:19 [http-nio-8080-exec-2] INFO  u.e.p.c.SunatNotificacionController - Consultando detalle de notificación: 756734914
2025-06-03 21:21:19 [http-nio-8080-exec-2] INFO  u.e.p.c.SunatNotificacionController - Detalle de notificación 756734914 obtenido exitosamente
2025-06-03 21:21:19 [http-nio-8080-exec-9] INFO  u.e.p.c.SunatNotificacionController - Consultando detalle de notificación: 756755171
2025-06-03 21:21:19 [http-nio-8080-exec-9] INFO  u.e.p.c.SunatNotificacionController - Detalle de notificación 756755171 obtenido exitosamente
2025-06-03 21:21:20 [http-nio-8080-exec-4] INFO  u.e.p.c.SunatNotificacionController - Consultando detalle de notificación: 756734534
2025-06-03 21:21:20 [http-nio-8080-exec-4] INFO  u.e.p.c.SunatNotificacionController - Detalle de notificación 756734534 obtenido exitosamente
2025-06-03 21:21:21 [http-nio-8080-exec-6] INFO  u.e.p.c.SunatNotificacionController - Consultando detalle de notificación: 754427424
2025-06-03 21:21:21 [http-nio-8080-exec-6] INFO  u.e.p.c.SunatNotificacionController - Detalle de notificación 754427424 obtenido exitosamente
2025-06-03 21:21:28 [http-nio-8080-exec-1] INFO  u.e.p.c.SunatNotificacionController - Consultando detalle de notificación: 728643002
2025-06-03 21:21:28 [http-nio-8080-exec-1] INFO  u.e.p.c.SunatNotificacionController - Detalle de notificación 728643002 obtenido exitosamente
2025-06-03 21:21:30 [http-nio-8080-exec-7] INFO  u.e.p.c.SunatNotificacionController - Consultando detalle de notificación: 720170646
2025-06-03 21:21:30 [http-nio-8080-exec-7] INFO  u.e.p.c.SunatNotificacionController - Detalle de notificación 720170646 obtenido exitosamente
2025-06-03 21:22:04 [http-nio-8080-exec-10] INFO  u.e.p.c.SunatNotificacionController - Consultando detalle de notificación: 756755171
2025-06-03 21:22:04 [http-nio-8080-exec-10] INFO  u.e.p.c.SunatNotificacionController - Detalle de notificación 756755171 obtenido exitosamente
2025-06-03 21:22:07 [http-nio-8080-exec-3] INFO  u.e.p.c.SunatNotificacionController - Consultando detalle de notificación: 756755171
2025-06-03 21:22:07 [http-nio-8080-exec-3] INFO  u.e.p.c.SunatNotificacionController - Detalle de notificación 756755171 obtenido exitosamente
2025-06-03 21:22:08 [http-nio-8080-exec-8] INFO  u.e.p.c.SunatNotificacionController - Consultando detalle de notificación: 756734534
2025-06-03 21:22:08 [http-nio-8080-exec-8] INFO  u.e.p.c.SunatNotificacionController - Detalle de notificación 756734534 obtenido exitosamente
2025-06-03 21:22:10 [http-nio-8080-exec-5] INFO  u.e.p.c.SunatNotificacionController - Consultando detalle de notificación: 754427424
2025-06-03 21:22:10 [http-nio-8080-exec-5] INFO  u.e.p.c.SunatNotificacionController - Detalle de notificación 754427424 obtenido exitosamente
2025-06-03 21:22:11 [http-nio-8080-exec-2] INFO  u.e.p.c.SunatNotificacionController - Consultando detalle de notificación: 756734534
2025-06-03 21:22:11 [http-nio-8080-exec-2] INFO  u.e.p.c.SunatNotificacionController - Detalle de notificación 756734534 obtenido exitosamente
2025-06-03 21:22:26 [http-nio-8080-exec-9] INFO  u.e.p.c.SunatNotificacionController - Consultando detalle de notificación: 756734534
2025-06-03 21:22:26 [http-nio-8080-exec-9] INFO  u.e.p.c.SunatNotificacionController - Detalle de notificación 756734534 obtenido exitosamente
2025-06-03 21:22:47 [http-nio-8080-exec-4] INFO  u.e.p.c.SunatNotificacionController - Consultando detalle de notificación: 754427424
2025-06-03 21:22:47 [http-nio-8080-exec-4] INFO  u.e.p.c.SunatNotificacionController - Detalle de notificación 754427424 obtenido exitosamente
2025-06-03 21:23:32 [http-nio-8080-exec-6] INFO  u.e.p.c.SunatNotificacionController - Consultando detalle de notificación: 756755171
2025-06-03 21:23:32 [http-nio-8080-exec-6] INFO  u.e.p.c.SunatNotificacionController - Detalle de notificación 756755171 obtenido exitosamente
2025-06-03 21:23:32 [http-nio-8080-exec-1] INFO  u.e.p.c.SunatNotificacionController - Consultando detalle de notificación: 756734914
2025-06-03 21:23:32 [http-nio-8080-exec-1] INFO  u.e.p.c.SunatNotificacionController - Detalle de notificación 756734914 obtenido exitosamente
2025-06-03 21:23:33 [http-nio-8080-exec-7] INFO  u.e.p.c.SunatNotificacionController - Consultando detalle de notificación: 756734534
2025-06-03 21:23:33 [http-nio-8080-exec-7] INFO  u.e.p.c.SunatNotificacionController - Detalle de notificación 756734534 obtenido exitosamente
2025-06-03 21:25:30 [http-nio-8080-exec-3] INFO  u.e.p.c.SunatNotificacionController - Consultando detalle de notificación: 754427424
2025-06-03 21:25:30 [http-nio-8080-exec-3] INFO  u.e.p.c.SunatNotificacionController - Detalle de notificación 754427424 obtenido exitosamente
2025-06-03 21:27:11 [http-nio-8080-exec-5] INFO  u.e.p.c.SunatNotificacionController - Consultando detalle de notificación: 752389474
2025-06-03 21:27:11 [http-nio-8080-exec-5] INFO  u.e.p.c.SunatNotificacionController - Detalle de notificación 752389474 obtenido exitosamente
2025-06-03 21:27:12 [http-nio-8080-exec-2] INFO  u.e.p.c.SunatNotificacionController - Consultando detalle de notificación: 745349145
2025-06-03 21:27:12 [http-nio-8080-exec-2] INFO  u.e.p.c.SunatNotificacionController - Detalle de notificación 745349145 obtenido exitosamente
2025-06-03 21:27:13 [http-nio-8080-exec-9] INFO  u.e.p.c.SunatNotificacionController - Consultando detalle de notificación: 325619149
2025-06-03 21:27:13 [http-nio-8080-exec-9] INFO  u.e.p.c.SunatNotificacionController - Detalle de notificación 325619149 obtenido exitosamente
2025-06-03 21:27:14 [http-nio-8080-exec-4] INFO  u.e.p.c.SunatNotificacionController - Consultando detalle de notificación: 325619149
2025-06-03 21:27:14 [http-nio-8080-exec-4] INFO  u.e.p.c.SunatNotificacionController - Detalle de notificación 325619149 obtenido exitosamente
2025-06-03 21:27:15 [http-nio-8080-exec-6] INFO  u.e.p.c.SunatNotificacionController - Consultando detalle de notificación: 275284250
2025-06-03 21:27:15 [http-nio-8080-exec-6] INFO  u.e.p.c.SunatNotificacionController - Detalle de notificación 275284250 obtenido exitosamente
2025-06-03 21:27:19 [http-nio-8080-exec-1] INFO  u.e.p.c.SunatNotificacionController - Consultando detalle de notificación: 756755171
2025-06-03 21:27:19 [http-nio-8080-exec-1] INFO  u.e.p.c.SunatNotificacionController - Detalle de notificación 756755171 obtenido exitosamente
2025-06-03 21:27:20 [http-nio-8080-exec-7] INFO  u.e.p.c.SunatNotificacionController - Consultando detalle de notificación: 756734914
2025-06-03 21:27:20 [http-nio-8080-exec-7] INFO  u.e.p.c.SunatNotificacionController - Detalle de notificación 756734914 obtenido exitosamente
2025-06-03 21:27:21 [http-nio-8080-exec-10] INFO  u.e.p.c.SunatNotificacionController - Consultando detalle de notificación: 756734519
2025-06-03 21:27:21 [http-nio-8080-exec-10] INFO  u.e.p.c.SunatNotificacionController - Detalle de notificación 756734519 obtenido exitosamente
2025-06-03 21:27:21 [http-nio-8080-exec-3] INFO  u.e.p.c.SunatNotificacionController - Consultando detalle de notificación: 756008323
2025-06-03 21:27:21 [http-nio-8080-exec-3] INFO  u.e.p.c.SunatNotificacionController - Detalle de notificación 756008323 obtenido exitosamente
2025-06-03 21:27:22 [http-nio-8080-exec-8] INFO  u.e.p.c.SunatNotificacionController - Consultando detalle de notificación: 754940925
2025-06-03 21:27:22 [http-nio-8080-exec-8] INFO  u.e.p.c.SunatNotificacionController - Detalle de notificación 754940925 obtenido exitosamente
2025-06-03 21:27:22 [http-nio-8080-exec-5] INFO  u.e.p.c.SunatNotificacionController - Consultando detalle de notificación: 754790613
2025-06-03 21:27:22 [http-nio-8080-exec-5] INFO  u.e.p.c.SunatNotificacionController - Detalle de notificación 754790613 obtenido exitosamente
2025-06-03 21:27:23 [http-nio-8080-exec-2] INFO  u.e.p.c.SunatNotificacionController - Consultando detalle de notificación: 756008323
2025-06-03 21:27:23 [http-nio-8080-exec-2] INFO  u.e.p.c.SunatNotificacionController - Detalle de notificación 756008323 obtenido exitosamente
2025-06-03 21:27:28 [http-nio-8080-exec-9] INFO  u.e.p.c.SunatNotificacionController - Consultando detalle de notificación: 754427424
2025-06-03 21:27:28 [http-nio-8080-exec-9] INFO  u.e.p.c.SunatNotificacionController - Detalle de notificación 754427424 obtenido exitosamente
2025-06-03 21:27:29 [http-nio-8080-exec-4] INFO  u.e.p.c.SunatNotificacionController - Consultando detalle de notificación: 752389474
2025-06-03 21:27:29 [http-nio-8080-exec-4] INFO  u.e.p.c.SunatNotificacionController - Detalle de notificación 752389474 obtenido exitosamente
2025-06-03 21:27:30 [http-nio-8080-exec-6] INFO  u.e.p.c.SunatNotificacionController - Consultando detalle de notificación: 752389474
2025-06-03 21:27:30 [http-nio-8080-exec-6] INFO  u.e.p.c.SunatNotificacionController - Detalle de notificación 752389474 obtenido exitosamente
2025-06-03 21:27:32 [http-nio-8080-exec-1] INFO  u.e.p.c.SunatNotificacionController - Consultando detalle de notificación: 744359624
2025-06-03 21:27:32 [http-nio-8080-exec-1] INFO  u.e.p.c.SunatNotificacionController - Detalle de notificación 744359624 obtenido exitosamente
2025-06-03 21:27:33 [http-nio-8080-exec-7] INFO  u.e.p.c.SunatNotificacionController - Consultando detalle de notificación: 745349145
2025-06-03 21:27:33 [http-nio-8080-exec-7] INFO  u.e.p.c.SunatNotificacionController - Detalle de notificación 745349145 obtenido exitosamente
2025-06-03 21:27:34 [http-nio-8080-exec-10] INFO  u.e.p.c.SunatNotificacionController - Consultando detalle de notificación: 746600888
2025-06-03 21:27:34 [http-nio-8080-exec-10] INFO  u.e.p.c.SunatNotificacionController - Detalle de notificación 746600888 obtenido exitosamente
2025-06-03 21:27:36 [http-nio-8080-exec-3] INFO  u.e.p.c.SunatNotificacionController - Consultando detalle de notificación: 746892052
2025-06-03 21:27:36 [http-nio-8080-exec-3] INFO  u.e.p.c.SunatNotificacionController - Detalle de notificación 746892052 obtenido exitosamente
2025-06-03 21:27:39 [http-nio-8080-exec-8] INFO  u.e.p.c.SunatNotificacionController - Consultando detalle de notificación: 747307090
2025-06-03 21:27:39 [http-nio-8080-exec-8] INFO  u.e.p.c.SunatNotificacionController - Detalle de notificación 747307090 obtenido exitosamente
2025-06-03 21:27:41 [http-nio-8080-exec-5] INFO  u.e.p.c.SunatNotificacionController - Consultando detalle de notificación: 752389474
2025-06-03 21:27:41 [http-nio-8080-exec-5] INFO  u.e.p.c.SunatNotificacionController - Detalle de notificación 752389474 obtenido exitosamente
2025-06-03 21:27:42 [http-nio-8080-exec-2] INFO  u.e.p.c.SunatNotificacionController - Consultando detalle de notificación: 752389474
2025-06-03 21:27:42 [http-nio-8080-exec-2] INFO  u.e.p.c.SunatNotificacionController - Detalle de notificación 752389474 obtenido exitosamente
2025-06-03 21:27:43 [http-nio-8080-exec-9] INFO  u.e.p.c.SunatNotificacionController - Consultando detalle de notificación: 754427424
2025-06-03 21:27:43 [http-nio-8080-exec-9] INFO  u.e.p.c.SunatNotificacionController - Detalle de notificación 754427424 obtenido exitosamente
2025-06-03 21:27:44 [http-nio-8080-exec-4] INFO  u.e.p.c.SunatNotificacionController - Consultando detalle de notificación: 754790613
2025-06-03 21:27:44 [http-nio-8080-exec-4] INFO  u.e.p.c.SunatNotificacionController - Detalle de notificación 754790613 obtenido exitosamente
2025-06-03 21:27:45 [http-nio-8080-exec-6] INFO  u.e.p.c.SunatNotificacionController - Consultando detalle de notificación: 756008323
2025-06-03 21:27:45 [http-nio-8080-exec-6] INFO  u.e.p.c.SunatNotificacionController - Detalle de notificación 756008323 obtenido exitosamente
2025-06-03 21:27:46 [http-nio-8080-exec-1] INFO  u.e.p.c.SunatNotificacionController - Consultando detalle de notificación: 756734914
2025-06-03 21:27:46 [http-nio-8080-exec-1] INFO  u.e.p.c.SunatNotificacionController - Detalle de notificación 756734914 obtenido exitosamente
2025-06-03 21:27:47 [http-nio-8080-exec-7] INFO  u.e.p.c.SunatNotificacionController - Consultando detalle de notificación: 756755171
2025-06-03 21:27:47 [http-nio-8080-exec-7] INFO  u.e.p.c.SunatNotificacionController - Detalle de notificación 756755171 obtenido exitosamente
2025-06-03 21:28:39 [http-nio-8080-exec-10] INFO  u.e.p.c.SunatNotificacionController - Consultando detalle de notificación: 756734519
2025-06-03 21:28:39 [http-nio-8080-exec-10] INFO  u.e.p.c.SunatNotificacionController - Detalle de notificación 756734519 obtenido exitosamente
2025-06-03 21:29:09 [http-nio-8080-exec-8] INFO  u.e.p.c.SunatNotificacionController - Consultando detalle de notificación: 756755171
2025-06-03 21:29:09 [http-nio-8080-exec-8] INFO  u.e.p.c.SunatNotificacionController - Detalle de notificación 756755171 obtenido exitosamente
2025-06-03 21:29:19 [http-nio-8080-exec-5] INFO  u.e.p.c.SunatNotificacionController - Consultando detalle de notificación: 756734914
2025-06-03 21:29:19 [http-nio-8080-exec-5] INFO  u.e.p.c.SunatNotificacionController - Detalle de notificación 756734914 obtenido exitosamente
2025-06-03 21:29:21 [http-nio-8080-exec-2] INFO  u.e.p.c.SunatNotificacionController - Consultando detalle de notificación: 756734519
2025-06-03 21:29:21 [http-nio-8080-exec-2] INFO  u.e.p.c.SunatNotificacionController - Detalle de notificación 756734519 obtenido exitosamente
2025-06-03 21:29:23 [http-nio-8080-exec-9] INFO  u.e.p.c.SunatNotificacionController - Consultando detalle de notificación: 756008323
2025-06-03 21:29:23 [http-nio-8080-exec-9] INFO  u.e.p.c.SunatNotificacionController - Detalle de notificación 756008323 obtenido exitosamente
2025-06-03 21:29:55 [http-nio-8080-exec-4] INFO  u.e.p.c.SunatNotificacionController - Consultando detalle de notificación: 756755171
2025-06-03 21:29:55 [http-nio-8080-exec-4] INFO  u.e.p.c.SunatNotificacionController - Detalle de notificación 756755171 obtenido exitosamente
2025-06-03 21:29:58 [http-nio-8080-exec-6] INFO  u.e.p.c.SunatNotificacionController - Consultando detalle de notificación: 756734914
2025-06-03 21:29:58 [http-nio-8080-exec-6] INFO  u.e.p.c.SunatNotificacionController - Detalle de notificación 756734914 obtenido exitosamente
2025-06-03 21:29:59 [http-nio-8080-exec-1] INFO  u.e.p.c.SunatNotificacionController - Consultando detalle de notificación: 756755171
2025-06-03 21:29:59 [http-nio-8080-exec-1] INFO  u.e.p.c.SunatNotificacionController - Detalle de notificación 756755171 obtenido exitosamente
2025-06-03 23:03:38 [http-nio-8080-exec-8] INFO  u.e.p.c.SunatNotificacionController - Consultando detalle de notificación: 756755171
2025-06-03 23:03:38 [http-nio-8080-exec-8] INFO  u.e.p.c.SunatNotificacionController - Detalle de notificación 756755171 obtenido exitosamente
2025-06-03 23:03:53 [http-nio-8080-exec-5] INFO  u.e.p.c.SunatNotificacionController - Consultando detalle de notificación: 280062882
2025-06-03 23:03:53 [http-nio-8080-exec-5] INFO  u.e.p.c.SunatNotificacionController - Detalle de notificación 280062882 obtenido exitosamente
2025-06-03 23:04:53 [http-nio-8080-exec-9] INFO  u.e.p.c.SunatNotificacionController - Consultando detalle de notificación: 269672004
2025-06-03 23:04:53 [http-nio-8080-exec-9] INFO  u.e.p.c.SunatNotificacionController - Detalle de notificación 269672004 obtenido exitosamente
2025-06-03 23:04:53 [http-nio-8080-exec-4] INFO  u.e.p.c.SunatNotificacionController - Consultando detalle de notificación: 239324756
2025-06-03 23:04:53 [http-nio-8080-exec-4] INFO  u.e.p.c.SunatNotificacionController - Detalle de notificación 239324756 obtenido exitosamente
2025-06-03 23:04:55 [http-nio-8080-exec-6] INFO  u.e.p.c.SunatNotificacionController - Consultando detalle de notificación: 239324355
2025-06-03 23:04:55 [http-nio-8080-exec-6] INFO  u.e.p.c.SunatNotificacionController - Detalle de notificación 239324355 obtenido exitosamente
2025-06-03 23:04:57 [http-nio-8080-exec-1] INFO  u.e.p.c.SunatNotificacionController - Consultando detalle de notificación: 183924119
2025-06-03 23:04:57 [http-nio-8080-exec-1] INFO  u.e.p.c.SunatNotificacionController - Detalle de notificación 183924119 obtenido exitosamente
2025-06-03 23:04:57 [http-nio-8080-exec-7] INFO  u.e.p.c.SunatNotificacionController - Consultando detalle de notificación: 145438507
2025-06-03 23:04:57 [http-nio-8080-exec-7] INFO  u.e.p.c.SunatNotificacionController - Detalle de notificación 145438507 obtenido exitosamente
2025-06-03 23:04:59 [http-nio-8080-exec-3] INFO  u.e.p.c.SunatNotificacionController - Consultando detalle de notificación: 124970129
2025-06-03 23:04:59 [http-nio-8080-exec-3] INFO  u.e.p.c.SunatNotificacionController - Detalle de notificación 124970129 obtenido exitosamente
2025-06-03 23:05:00 [http-nio-8080-exec-10] INFO  u.e.p.c.SunatNotificacionController - Consultando detalle de notificación: 122848291
2025-06-03 23:05:00 [http-nio-8080-exec-10] INFO  u.e.p.c.SunatNotificacionController - Detalle de notificación 122848291 obtenido exitosamente
2025-06-03 23:05:00 [http-nio-8080-exec-8] INFO  u.e.p.c.SunatNotificacionController - Consultando detalle de notificación: 122848292
2025-06-03 23:05:00 [http-nio-8080-exec-8] INFO  u.e.p.c.SunatNotificacionController - Detalle de notificación 122848292 obtenido exitosamente
2025-06-03 23:05:01 [http-nio-8080-exec-9] INFO  u.e.p.c.SunatNotificacionController - Consultando detalle de notificación: 119975475
2025-06-03 23:05:01 [http-nio-8080-exec-9] INFO  u.e.p.c.SunatNotificacionController - Detalle de notificación 119975475 obtenido exitosamente
2025-06-03 23:05:02 [http-nio-8080-exec-3] INFO  u.e.p.c.SunatNotificacionController - Consultando detalle de notificación: 114514926
2025-06-03 23:05:02 [http-nio-8080-exec-3] INFO  u.e.p.c.SunatNotificacionController - Detalle de notificación 114514926 obtenido exitosamente
2025-06-03 23:05:03 [http-nio-8080-exec-9] INFO  u.e.p.c.SunatNotificacionController - Consultando detalle de notificación: 108681529
2025-06-03 23:05:03 [http-nio-8080-exec-9] INFO  u.e.p.c.SunatNotificacionController - Detalle de notificación 108681529 obtenido exitosamente
2025-06-03 23:05:04 [http-nio-8080-exec-3] INFO  u.e.p.c.SunatNotificacionController - Consultando detalle de notificación: 93781490
2025-06-03 23:05:04 [http-nio-8080-exec-3] INFO  u.e.p.c.SunatNotificacionController - Detalle de notificación 93781490 obtenido exitosamente
2025-06-03 23:12:11 [http-nio-8080-exec-4] INFO  u.e.p.c.SunatNotificacionController - Consultando detalle de notificación: 91406690
2025-06-03 23:12:11 [http-nio-8080-exec-4] INFO  u.e.p.c.SunatNotificacionController - Detalle de notificación 91406690 obtenido exitosamente
2025-06-03 23:21:41 [http-nio-8080-exec-2] INFO  u.e.p.c.SunatNotificacionController - Consultando detalle de notificación: 756755171
2025-06-03 23:21:41 [http-nio-8080-exec-2] INFO  u.e.p.c.SunatNotificacionController - Detalle de notificación 756755171 obtenido exitosamente
2025-06-03 23:21:41 [http-nio-8080-exec-5] INFO  u.e.p.c.SunatNotificacionController - Consultando detalle de notificación: 756734914
2025-06-03 23:21:41 [http-nio-8080-exec-5] INFO  u.e.p.c.SunatNotificacionController - Detalle de notificación 756734914 obtenido exitosamente
2025-06-03 23:21:42 [http-nio-8080-exec-9] INFO  u.e.p.c.SunatNotificacionController - Consultando detalle de notificación: 756734519
2025-06-03 23:21:42 [http-nio-8080-exec-9] INFO  u.e.p.c.SunatNotificacionController - Detalle de notificación 756734519 obtenido exitosamente
2025-06-03 23:21:43 [http-nio-8080-exec-6] INFO  u.e.p.c.SunatNotificacionController - Consultando detalle de notificación: 756734914
2025-06-03 23:21:43 [http-nio-8080-exec-6] INFO  u.e.p.c.SunatNotificacionController - Detalle de notificación 756734914 obtenido exitosamente
2025-06-03 23:21:44 [http-nio-8080-exec-4] INFO  u.e.p.c.SunatNotificacionController - Consultando detalle de notificación: 756755171
2025-06-03 23:21:44 [http-nio-8080-exec-4] INFO  u.e.p.c.SunatNotificacionController - Detalle de notificación 756755171 obtenido exitosamente
2025-06-03 23:21:45 [http-nio-8080-exec-1] INFO  u.e.p.c.SunatNotificacionController - Consultando detalle de notificación: 756755171
2025-06-03 23:21:45 [http-nio-8080-exec-1] INFO  u.e.p.c.SunatNotificacionController - Detalle de notificación 756755171 obtenido exitosamente
2025-06-03 23:21:45 [http-nio-8080-exec-3] INFO  u.e.p.c.SunatNotificacionController - Consultando detalle de notificación: 756734914
2025-06-03 23:21:45 [http-nio-8080-exec-3] INFO  u.e.p.c.SunatNotificacionController - Detalle de notificación 756734914 obtenido exitosamente
2025-06-03 23:21:46 [http-nio-8080-exec-7] INFO  u.e.p.c.SunatNotificacionController - Consultando detalle de notificación: 756734519
2025-06-03 23:21:46 [http-nio-8080-exec-7] INFO  u.e.p.c.SunatNotificacionController - Detalle de notificación 756734519 obtenido exitosamente
2025-06-03 23:21:47 [http-nio-8080-exec-10] INFO  u.e.p.c.SunatNotificacionController - Consultando detalle de notificación: 756008323
2025-06-03 23:21:47 [http-nio-8080-exec-10] INFO  u.e.p.c.SunatNotificacionController - Detalle de notificación 756008323 obtenido exitosamente
2025-06-03 23:21:47 [http-nio-8080-exec-8] INFO  u.e.p.c.SunatNotificacionController - Consultando detalle de notificación: 754940925
2025-06-03 23:21:47 [http-nio-8080-exec-8] INFO  u.e.p.c.SunatNotificacionController - Detalle de notificación 754940925 obtenido exitosamente
2025-06-03 23:21:48 [http-nio-8080-exec-2] INFO  u.e.p.c.SunatNotificacionController - Consultando detalle de notificación: 754790613
2025-06-03 23:21:48 [http-nio-8080-exec-2] INFO  u.e.p.c.SunatNotificacionController - Detalle de notificación 754790613 obtenido exitosamente
2025-06-03 23:21:49 [http-nio-8080-exec-5] INFO  u.e.p.c.SunatNotificacionController - Consultando detalle de notificación: 756008323
2025-06-03 23:21:49 [http-nio-8080-exec-5] INFO  u.e.p.c.SunatNotificacionController - Detalle de notificación 756008323 obtenido exitosamente
2025-06-03 23:21:50 [http-nio-8080-exec-9] INFO  u.e.p.c.SunatNotificacionController - Consultando detalle de notificación: 756734914
2025-06-03 23:21:50 [http-nio-8080-exec-9] INFO  u.e.p.c.SunatNotificacionController - Detalle de notificación 756734914 obtenido exitosamente
2025-06-03 23:21:51 [http-nio-8080-exec-6] INFO  u.e.p.c.SunatNotificacionController - Consultando detalle de notificación: 756755171
2025-06-03 23:21:51 [http-nio-8080-exec-6] INFO  u.e.p.c.SunatNotificacionController - Detalle de notificación 756755171 obtenido exitosamente
2025-06-03 23:21:53 [http-nio-8080-exec-4] INFO  u.e.p.c.SunatNotificacionController - Consultando detalle de notificación: 750152278
2025-06-03 23:21:53 [http-nio-8080-exec-4] INFO  u.e.p.c.SunatNotificacionController - Detalle de notificación 750152278 obtenido exitosamente
2025-06-03 23:21:54 [http-nio-8080-exec-1] INFO  u.e.p.c.SunatNotificacionController - Consultando detalle de notificación: 754427424
2025-06-03 23:21:54 [http-nio-8080-exec-1] INFO  u.e.p.c.SunatNotificacionController - Detalle de notificación 754427424 obtenido exitosamente
2025-06-03 23:21:57 [http-nio-8080-exec-3] INFO  u.e.p.c.SunatNotificacionController - Consultando detalle de notificación: 487467888
2025-06-03 23:21:57 [http-nio-8080-exec-3] INFO  u.e.p.c.SunatNotificacionController - Detalle de notificación 487467888 obtenido exitosamente
2025-06-03 23:22:15 [http-nio-8080-exec-7] INFO  u.e.p.c.SunatNotificacionController - Consultando detalle de notificación: 756755171
2025-06-03 23:22:15 [http-nio-8080-exec-7] INFO  u.e.p.c.SunatNotificacionController - Detalle de notificación 756755171 obtenido exitosamente
2025-06-03 23:26:06 [http-nio-8080-exec-2] INFO  u.e.p.c.SunatNotificacionController - Consultando detalle de notificación: 756755171
2025-06-03 23:26:06 [http-nio-8080-exec-2] INFO  u.e.p.c.SunatNotificacionController - Detalle de notificación 756755171 obtenido exitosamente
2025-06-03 23:26:14 [http-nio-8080-exec-5] INFO  u.e.p.c.SunatNotificacionController - Consultando detalle de notificación: 720170646
2025-06-03 23:26:14 [http-nio-8080-exec-5] INFO  u.e.p.c.SunatNotificacionController - Detalle de notificación 720170646 obtenido exitosamente
2025-06-03 23:26:27 [http-nio-8080-exec-4] INFO  u.e.p.c.SunatNotificacionController - Consultando detalle de notificación: 275284250
2025-06-03 23:26:27 [http-nio-8080-exec-4] INFO  u.e.p.c.SunatNotificacionController - Detalle de notificación 275284250 obtenido exitosamente
2025-06-03 23:26:31 [http-nio-8080-exec-1] INFO  u.e.p.c.SunatNotificacionController - Consultando detalle de notificación: 756755171
2025-06-03 23:26:31 [http-nio-8080-exec-1] INFO  u.e.p.c.SunatNotificacionController - Detalle de notificación 756755171 obtenido exitosamente
2025-06-03 23:29:13 [http-nio-8080-exec-8] INFO  u.e.p.c.SunatNotificacionController - Consultando detalle de notificación: 746892052
2025-06-03 23:29:13 [http-nio-8080-exec-8] INFO  u.e.p.c.SunatNotificacionController - Detalle de notificación 746892052 obtenido exitosamente
2025-06-03 23:30:24 [http-nio-8080-exec-9] INFO  u.e.p.c.SunatNotificacionController - Consultando detalle de notificación: 756755171
2025-06-03 23:30:24 [http-nio-8080-exec-9] INFO  u.e.p.c.SunatNotificacionController - Detalle de notificación 756755171 obtenido exitosamente
2025-06-03 23:30:37 [http-nio-8080-exec-6] INFO  u.e.p.c.SunatNotificacionController - Consultando detalle de notificación: 756755171
2025-06-03 23:30:37 [http-nio-8080-exec-6] INFO  u.e.p.c.SunatNotificacionController - Detalle de notificación 756755171 obtenido exitosamente
2025-06-03 23:30:37 [http-nio-8080-exec-4] INFO  u.e.p.c.SunatNotificacionController - Consultando detalle de notificación: 756734914
2025-06-03 23:30:37 [http-nio-8080-exec-4] INFO  u.e.p.c.SunatNotificacionController - Detalle de notificación 756734914 obtenido exitosamente
2025-06-03 23:30:38 [http-nio-8080-exec-1] INFO  u.e.p.c.SunatNotificacionController - Consultando detalle de notificación: 756755171
2025-06-03 23:30:38 [http-nio-8080-exec-1] INFO  u.e.p.c.SunatNotificacionController - Detalle de notificación 756755171 obtenido exitosamente
2025-06-03 23:30:39 [http-nio-8080-exec-3] INFO  u.e.p.c.SunatNotificacionController - Consultando detalle de notificación: 756734914
2025-06-03 23:30:39 [http-nio-8080-exec-3] INFO  u.e.p.c.SunatNotificacionController - Detalle de notificación 756734914 obtenido exitosamente
2025-06-03 23:32:29 [http-nio-8080-exec-7] INFO  u.e.p.c.SunatNotificacionController - Consultando detalle de notificación: 756755171
2025-06-03 23:32:29 [http-nio-8080-exec-7] INFO  u.e.p.c.SunatNotificacionController - Detalle de notificación 756755171 obtenido exitosamente
2025-06-03 23:32:38 [http-nio-8080-exec-8] INFO  u.e.p.c.SunatNotificacionController - Consultando detalle de notificación: 754427424
2025-06-03 23:32:38 [http-nio-8080-exec-8] INFO  u.e.p.c.SunatNotificacionController - Detalle de notificación 754427424 obtenido exitosamente
2025-06-03 23:32:57 [http-nio-8080-exec-2] INFO  u.e.p.c.SunatNotificacionController - Consultando detalle de notificación: 752389474
2025-06-03 23:32:57 [http-nio-8080-exec-2] INFO  u.e.p.c.SunatNotificacionController - Detalle de notificación 752389474 obtenido exitosamente
